\BOOKMARK [0][-]{chapter*.8}{\332vod}{}% 1
\BOOKMARK [0][-]{chapter.1}{Grafy}{}% 2
\BOOKMARK [1][-]{section.1.1}{Defin\355cia grafu}{chapter.1}% 3
\BOOKMARK [1][-]{section.1.2}{Z\341kladn\351 pojmy t\375kaj\372ce sa grafov}{chapter.1}% 4
\BOOKMARK [2][-]{subsection.1.2.1}{Typy grafov}{section.1.2}% 5
\BOOKMARK [2][-]{subsection.1.2.2}{Vztahy medzi grafmi}{section.1.2}% 6
\BOOKMARK [1][-]{section.1.3}{Cesty a cykly}{chapter.1}% 7
\BOOKMARK [1][-]{section.1.4}{S\372vislost}{chapter.1}% 8
\BOOKMARK [1][-]{section.1.5}{Kostry, stromy a lesy}{chapter.1}% 9
\BOOKMARK [1][-]{section.1.6}{\227peci\341lne grafov\351 \235trukt\372ry}{chapter.1}% 10
\BOOKMARK [2][-]{subsection.1.6.1}{Cesty a cykly pre orientovan\351 grafy}{section.1.6}% 11
\BOOKMARK [0][-]{chapter.2}{Algoritmy na grafoch}{}% 12
\BOOKMARK [1][-]{section.2.1}{Prech\341dzanie vrcholmi grafu}{chapter.2}% 13
\BOOKMARK [2][-]{subsection.2.1.1}{Prehlad\341vanie do \235\355rky}{section.2.1}% 14
\BOOKMARK [2][-]{subsection.2.1.2}{Prehlad\341vanie do hlbky}{section.2.1}% 15
\BOOKMARK [2][-]{subsection.2.1.3}{Zhrnutie}{section.2.1}% 16
\BOOKMARK [1][-]{section.2.2}{Najlacnej\235ie cesty v grafe}{chapter.2}% 17
\BOOKMARK [2][-]{subsection.2.2.1}{Dijkstrov algoritmus}{section.2.2}% 18
\BOOKMARK [2][-]{subsection.2.2.2}{Bellman\205Fordov algoritmus}{section.2.2}% 19
\BOOKMARK [2][-]{subsection.2.2.3}{Floyd\205Warshallov algoritmus}{section.2.2}% 20
\BOOKMARK [2][-]{subsection.2.2.4}{Zhrnutie}{section.2.2}% 21
\BOOKMARK [2][-]{subsection.2.2.5}{Vylep\235enia a roz\235\355renia}{section.2.2}% 22
\BOOKMARK [2][-]{subsection.2.2.6}{Existuj\372ce implement\341cie vyhlad\341vac\355ch algoritmov}{section.2.2}% 23
\BOOKMARK [0][-]{chapter.3}{Softv\351r}{}% 24
\BOOKMARK [1][-]{section.3.1}{Z\341kladn\375 popis aplik\341cie}{chapter.3}% 25
\BOOKMARK [1][-]{section.3.2}{Vyhlad\341vanie}{chapter.3}% 26
\BOOKMARK [1][-]{section.3.3}{D\341tov\351 s\372bory}{chapter.3}% 27
\BOOKMARK [0][-]{chapter.4}{Implement\341cia}{}% 28
\BOOKMARK [1][-]{section.4.1}{Prv\351 my\235lienky}{chapter.4}% 29
\BOOKMARK [1][-]{section.4.2}{Zaciatocn\341 implement\341cia}{chapter.4}% 30
\BOOKMARK [1][-]{section.4.3}{Vylep\235enie reprezent\341cie \372dajov}{chapter.4}% 31
\BOOKMARK [1][-]{section.4.4}{Implement\341cia vyhlad\341vacieho algoritmu a v\375pis v\375sledku}{chapter.4}% 32
\BOOKMARK [1][-]{section.4.5}{Neefekt\355vnost vytv\341rania objektov}{chapter.4}% 33
\BOOKMARK [1][-]{section.4.6}{Vyhlad\341vanie alternat\355vnych ciest}{chapter.4}% 34
\BOOKMARK [0][-]{chapter*.14}{Z\341ver}{}% 35
